<?xml version="1.0" encoding="UTF-8"?>
<!-- Generated by org.testng.reporters.JUnitReportReporter -->
<testsuite hostname="SathyaSai" failures="0" tests="1" name="com.ors.testcases.LoginTest" time="7.483" errors="0" timestamp="2021-05-01T14:22:46 IST" skipped="0">
  <testcase classname="com.ors.testcases.LoginTest" name="loginApp" time="7.483"/>
  <system-out/>
</testsuite> <!-- com.ors.testcases.LoginTest -->
